{
  "Azure.Core.dll": 1,
  "Azure.Identity.dll": 1,
  "BouncyCastle.Cryptography.dll": 1,
  "EFCore.NamingConventions.dll": 1,
  "Google.Protobuf.dll": 1,
  "HtmlAgilityPack.dll": 1,
  "K4os.Compression.LZ4.dll": 1,
  "K4os.Compression.LZ4.Streams.dll": 1,
  "K4os.Hash.xxHash.dll": 1,
  "MailKit.dll": 1,
  "Microsoft.AspNetCore.Authentication.OpenIdConnect.dll": 1,
  "Microsoft.AspNetCore.Components.WebAssembly.Authentication.dll": 1,
  "Microsoft.AspNetCore.Components.WebAssembly.dll": 1,
  "Microsoft.AspNetCore.Components.WebAssembly.Server.dll": 1,
  "Microsoft.AspNetCore.Identity.EntityFrameworkCore.dll": 1,
  "Microsoft.Bcl.AsyncInterfaces.dll": 1,
  "Microsoft.Bcl.Cryptography.dll": 1,
  "Microsoft.Data.SqlClient.dll": 1,
  "Microsoft.Data.Sqlite.dll": 1,
  "Microsoft.DotNet.HotReload.WebAssembly.Browser.dll": 1,
  "Microsoft.EntityFrameworkCore.Abstractions.dll": 1,
  "Microsoft.EntityFrameworkCore.dll": 1,
  "Microsoft.EntityFrameworkCore.Relational.dll": 1,
  "Microsoft.EntityFrameworkCore.Sqlite.dll": 1,
  "Microsoft.EntityFrameworkCore.SqlServer.dll": 1,
  "Microsoft.Extensions.DependencyModel.dll": 2,
  "Microsoft.Identity.Client.dll": 1,
  "Microsoft.Identity.Client.Extensions.Msal.dll": 1,
  "Microsoft.IdentityModel.Abstractions.dll": 1,
  "Microsoft.IdentityModel.JsonWebTokens.dll": 1,
  "Microsoft.IdentityModel.Logging.dll": 1,
  "Microsoft.IdentityModel.Protocols.dll": 1,
  "Microsoft.IdentityModel.Protocols.OpenIdConnect.dll": 1,
  "Microsoft.IdentityModel.Tokens.dll": 1,
  "Microsoft.JSInterop.WebAssembly.dll": 1,
  "Microsoft.OpenApi.dll": 1,
  "Microsoft.SqlServer.Server.dll": 1,
  "MimeKit.dll": 1,
  "MountainStates.MSSA.Client.Oqtane.dll": 1,
  "MountainStates.MSSA.Server.Oqtane.dll": 1,
  "MountainStates.MSSA.Shared.Oqtane.dll": 1,
  "MySql.Data.dll": 1,
  "MySqlConnector.dll": 1,
  "NodaTime.dll": 1,
  "Npgsql.dll": 1,
  "Npgsql.EntityFrameworkCore.PostgreSQL.dll": 1,
  "Oqtane.Client.dll": 1,
  "Oqtane.Server.dll": 1,
  "Oqtane.Shared.dll": 1,
  "Pomelo.EntityFrameworkCore.MySql.dll": 1,
  "Radzen.Blazor.dll": 1,
  "SixLabors.ImageSharp.dll": 1,
  "SQLitePCLRaw.batteries_v2.dll": 1,
  "SQLitePCLRaw.core.dll": 1,
  "SQLitePCLRaw.provider.e_sqlite3.dll": 1,
  "Swashbuckle.AspNetCore.Swagger.dll": 1,
  "Swashbuckle.AspNetCore.SwaggerGen.dll": 1,
  "Swashbuckle.AspNetCore.SwaggerUI.dll": 1,
  "System.ClientModel.dll": 1,
  "System.Configuration.ConfigurationManager.dll": 1,
  "System.IdentityModel.Tokens.Jwt.dll": 1,
  "System.Memory.Data.dll": 1,
  "System.Security.Cryptography.ProtectedData.dll": 1,
  "System.Security.Permissions.dll": 1,
  "System.Windows.Extensions.dll": 1,
  "ZstdSharp.dll": 1,
  "ToSic.Sys.Core.dll": 1,
  "ToSic.Sys.OData.dll": 1,
  "ToSic.Eav.Apps.dll": 1,
  "ToSic.Eav.Context.dll": 1,
  "ToSic.Eav.Data.dll": 1,
  "ToSic.Eav.DataSource.dll": 1,
  "ToSic.Eav.ImportExport.dll": 1,
  "ToSic.Eav.LookUp.dll": 1,
  "ToSic.Eav.Repository.Efc.dll": 1,
  "ToSic.Eav.Work.dll": 1,
  "ToSic.Sxc.Adam.dll": 1,
  "ToSic.Sxc.Cms.dll": 1,
  "ToSic.Sxc.Code.HotBuild.dll": 1,
  "ToSic.Sxc.Data.dll": 1,
  "ToSic.Sxc.Images.dll": 1,
  "ToSic.Sxc.Oqtane.Server.dll": 1,
  "ToSic.Sxc.Oqtane.Shared.dll": 1,
  "ToSic.Sxc.Render.dll": 1,
  "ToSic.Sxc.WebApi.dll": 1,
  "ToSic.Sys.Features.dll": 1,
  "ToSic.Sys.Security.dll": 1,
  "ToSic.Eav.Apps.Persistence.dll": 1,
  "ToSic.Eav.Data.Build.dll": 1,
  "ToSic.Eav.Data.Stack.dll": 1,
  "ToSic.Eav.DataSources.dll": 1,
  "ToSic.Eav.Insights.dll": 1,
  "ToSic.Eav.Persistence.dll": 1,
  "ToSic.Eav.WebApi.dll": 1,
  "ToSic.Razor.dll": 1,
  "ToSic.Sxc.Apps.dll": 1,
  "ToSic.Sxc.Code.dll": 1,
  "ToSic.Sxc.Core.dll": 1,
  "ToSic.Sxc.Edit.dll": 1,
  "ToSic.Sxc.LightSpeed.dll": 1,
  "ToSic.Sxc.Razor.dll": 1,
  "ToSic.Sxc.Services.dll": 1,
  "ToSic.Sys.Caching.dll": 1,
  "ToSic.Sys.Utils.dll": 1,
  "ToSic.Eav.Persistence.Efc.dll": 1,
  "ToSic.Sxc.Blocks.dll": 1,
  "ToSic.Sxc.Code.Generate.dll": 1,
  "ToSic.Sxc.Custom.dll": 1,
  "ToSic.Sxc.Engines.dll": 1,
  "ToSic.Sxc.Oqtane.Client.dll": 1,
  "ToSic.Sxc.Web.dll": 1,
  "ToSic.Sys.Code.dll": 1,
  "Connect.Koi.dll": 1,
  "CsvHelper.dll": 1,
  "Microsoft.AspNetCore.Mvc.Razor.Extensions.dll": 1,
  "Microsoft.AspNetCore.Mvc.Razor.RuntimeCompilation.dll": 1,
  "Microsoft.AspNetCore.Razor.Language.dll": 1,
  "Microsoft.CodeAnalysis.CSharp.dll": 1,
  "Microsoft.CodeAnalysis.dll": 1,
  "Microsoft.CodeAnalysis.Razor.dll": 1,
  "System.Runtime.Caching.dll": 1,
  "ToSic.Imageflow.Oqt.Server.Oqtane.dll": 1,
  "Imageflow.Server.dll": 1,
  "Imageflow.Server.HybridCache.dll": 1,
  "Imageflow.AllPlatforms.dll": 1,
  "Imageflow.Net.dll": 1,
  "Imazen.Common.dll": 1,
  "Imazen.HybridCache.dll": 1,
  "Microsoft.IO.RecyclableMemoryStream.dll": 1,
  "imageflow.dll": 1
}