[
  "\\bin\\Debug\\net10.0\\ToSic.Sys.Core.dll",
  "\\bin\\Debug\\net10.0\\ToSic.Sys.OData.dll",
  "\\bin\\Debug\\net10.0\\ToSic.Eav.Apps.dll",
  "\\bin\\Debug\\net10.0\\ToSic.Eav.Context.dll",
  "\\bin\\Debug\\net10.0\\ToSic.Eav.Data.dll",
  "\\bin\\Debug\\net10.0\\ToSic.Eav.DataSource.dll",
  "\\bin\\Debug\\net10.0\\ToSic.Eav.ImportExport.dll",
  "\\bin\\Debug\\net10.0\\ToSic.Eav.LookUp.dll",
  "\\bin\\Debug\\net10.0\\ToSic.Eav.Repository.Efc.dll",
  "\\bin\\Debug\\net10.0\\ToSic.Eav.Work.dll",
  "\\bin\\Debug\\net10.0\\ToSic.Sxc.Adam.dll",
  "\\bin\\Debug\\net10.0\\ToSic.Sxc.Cms.dll",
  "\\bin\\Debug\\net10.0\\ToSic.Sxc.Code.HotBuild.dll",
  "\\bin\\Debug\\net10.0\\ToSic.Sxc.Data.dll",
  "\\bin\\Debug\\net10.0\\ToSic.Sxc.Images.dll",
  "\\bin\\Debug\\net10.0\\ToSic.Sxc.Oqtane.Server.dll",
  "\\bin\\Debug\\net10.0\\ToSic.Sxc.Oqtane.Shared.dll",
  "\\bin\\Debug\\net10.0\\ToSic.Sxc.Render.dll",
  "\\bin\\Debug\\net10.0\\ToSic.Sxc.WebApi.dll",
  "\\bin\\Debug\\net10.0\\ToSic.Sys.Features.dll",
  "\\bin\\Debug\\net10.0\\ToSic.Sys.Security.dll",
  "\\bin\\Debug\\net10.0\\ToSic.Eav.Apps.Persistence.dll",
  "\\bin\\Debug\\net10.0\\ToSic.Eav.Data.Build.dll",
  "\\bin\\Debug\\net10.0\\ToSic.Eav.Data.Stack.dll",
  "\\bin\\Debug\\net10.0\\ToSic.Eav.DataSources.dll",
  "\\bin\\Debug\\net10.0\\ToSic.Eav.Insights.dll",
  "\\bin\\Debug\\net10.0\\ToSic.Eav.Persistence.dll",
  "\\bin\\Debug\\net10.0\\ToSic.Eav.WebApi.dll",
  "\\bin\\Debug\\net10.0\\ToSic.Razor.dll",
  "\\bin\\Debug\\net10.0\\ToSic.Sxc.Apps.dll",
  "\\bin\\Debug\\net10.0\\ToSic.Sxc.Code.dll",
  "\\bin\\Debug\\net10.0\\ToSic.Sxc.Core.dll",
  "\\bin\\Debug\\net10.0\\ToSic.Sxc.Edit.dll",
  "\\bin\\Debug\\net10.0\\ToSic.Sxc.LightSpeed.dll",
  "\\bin\\Debug\\net10.0\\ToSic.Sxc.Razor.dll",
  "\\bin\\Debug\\net10.0\\ToSic.Sxc.Services.dll",
  "\\bin\\Debug\\net10.0\\ToSic.Sys.Caching.dll",
  "\\bin\\Debug\\net10.0\\ToSic.Sys.Utils.dll",
  "\\bin\\Debug\\net10.0\\ToSic.Eav.Persistence.Efc.dll",
  "\\bin\\Debug\\net10.0\\ToSic.Sxc.Blocks.dll",
  "\\bin\\Debug\\net10.0\\ToSic.Sxc.Code.Generate.dll",
  "\\bin\\Debug\\net10.0\\ToSic.Sxc.Custom.dll",
  "\\bin\\Debug\\net10.0\\ToSic.Sxc.Engines.dll",
  "\\bin\\Debug\\net10.0\\ToSic.Sxc.Oqtane.Client.dll",
  "\\bin\\Debug\\net10.0\\ToSic.Sxc.Web.dll",
  "\\bin\\Debug\\net10.0\\ToSic.Sys.Code.dll",
  "\\bin\\Debug\\net10.0\\ToSic.Eav.DataSource.pdb",
  "\\bin\\Debug\\net10.0\\ToSic.Eav.DataSources.pdb",
  "\\bin\\Debug\\net10.0\\ToSic.Eav.Insights.pdb",
  "\\bin\\Debug\\net10.0\\ToSic.Eav.Persistence.pdb",
  "\\bin\\Debug\\net10.0\\ToSic.Eav.Work.pdb",
  "\\bin\\Debug\\net10.0\\ToSic.Sxc.Adam.pdb",
  "\\bin\\Debug\\net10.0\\ToSic.Sxc.Cms.pdb",
  "\\bin\\Debug\\net10.0\\ToSic.Sxc.Code.HotBuild.pdb",
  "\\bin\\Debug\\net10.0\\ToSic.Sxc.Custom.pdb",
  "\\bin\\Debug\\net10.0\\ToSic.Sxc.Engines.pdb",
  "\\bin\\Debug\\net10.0\\ToSic.Sxc.Oqtane.Client.pdb",
  "\\bin\\Debug\\net10.0\\ToSic.Sxc.Oqtane.Shared.pdb",
  "\\bin\\Debug\\net10.0\\ToSic.Sxc.Render.pdb",
  "\\bin\\Debug\\net10.0\\ToSic.Sxc.WebApi.pdb",
  "\\bin\\Debug\\net10.0\\ToSic.Sys.Code.pdb",
  "\\bin\\Debug\\net10.0\\ToSic.Sys.OData.pdb",
  "\\bin\\Debug\\net10.0\\ToSic.Eav.Apps.pdb",
  "\\bin\\Debug\\net10.0\\ToSic.Eav.Context.pdb",
  "\\bin\\Debug\\net10.0\\ToSic.Eav.Data.Build.pdb",
  "\\bin\\Debug\\net10.0\\ToSic.Eav.ImportExport.pdb",
  "\\bin\\Debug\\net10.0\\ToSic.Eav.LookUp.pdb",
  "\\bin\\Debug\\net10.0\\ToSic.Eav.Repository.Efc.pdb",
  "\\bin\\Debug\\net10.0\\ToSic.Razor.pdb",
  "\\bin\\Debug\\net10.0\\ToSic.Sxc.Apps.pdb",
  "\\bin\\Debug\\net10.0\\ToSic.Sxc.Code.Generate.pdb",
  "\\bin\\Debug\\net10.0\\ToSic.Sxc.Code.pdb",
  "\\bin\\Debug\\net10.0\\ToSic.Sxc.Data.pdb",
  "\\bin\\Debug\\net10.0\\ToSic.Sxc.Images.pdb",
  "\\bin\\Debug\\net10.0\\ToSic.Sxc.Oqtane.Server.pdb",
  "\\bin\\Debug\\net10.0\\ToSic.Sxc.Razor.pdb",
  "\\bin\\Debug\\net10.0\\ToSic.Sxc.Services.pdb",
  "\\bin\\Debug\\net10.0\\ToSic.Sys.Caching.pdb",
  "\\bin\\Debug\\net10.0\\ToSic.Sys.Core.pdb",
  "\\bin\\Debug\\net10.0\\ToSic.Sys.Security.pdb",
  "\\bin\\Debug\\net10.0\\ToSic.Eav.Apps.Persistence.pdb",
  "\\bin\\Debug\\net10.0\\ToSic.Eav.Data.pdb",
  "\\bin\\Debug\\net10.0\\ToSic.Eav.Persistence.Efc.pdb",
  "\\bin\\Debug\\net10.0\\ToSic.Eav.WebApi.pdb",
  "\\bin\\Debug\\net10.0\\ToSic.Sxc.Blocks.pdb",
  "\\bin\\Debug\\net10.0\\ToSic.Sxc.Core.pdb",
  "\\bin\\Debug\\net10.0\\ToSic.Sxc.Edit.pdb",
  "\\bin\\Debug\\net10.0\\ToSic.Sxc.LightSpeed.pdb",
  "\\bin\\Debug\\net10.0\\ToSic.Sxc.Web.pdb",
  "\\bin\\Debug\\net10.0\\ToSic.Sys.Features.pdb",
  "\\bin\\Debug\\net10.0\\ToSic.Sys.Utils.pdb",
  "\\bin\\Debug\\net10.0\\ToSic.Eav.Data.Stack.pdb",
  "\\content\\2sxc\\system\\App_Data\\new-app\\app.json",
  "\\content\\2sxc\\system\\App_Data\\system\\bundles\\system.json",
  "\\content\\2sxc\\system\\App_Data\\system\\readme.md",
  "\\content\\2sxc\\system\\App_Data\\system\\bundles\\system-cms.json",
  "\\content\\2sxc\\system\\App_Data\\system\\bundles\\system-copyright.json",
  "\\content\\2sxc\\system\\App_Data\\system\\bundles\\system-datasources.json",
  "\\content\\2sxc\\system\\App_Data\\system\\bundles\\system-decorators.json",
  "\\content\\2sxc\\system\\App_Data\\system\\bundles\\system-fields-helpers.json",
  "\\content\\2sxc\\system\\App_Data\\system\\bundles\\system-fields-pickers.json",
  "\\content\\2sxc\\system\\App_Data\\system\\bundles\\system-fields.json",
  "\\content\\2sxc\\system\\App_Data\\system\\bundles\\system-queries.json",
  "\\content\\2sxc\\system\\App_Data\\system\\bundles\\system-query.json",
  "\\content\\2sxc\\system\\App_Data\\system\\bundles\\system-resources.json",
  "\\content\\2sxc\\system\\App_Data\\system\\bundles\\system-settings-web-resources-data.json",
  "\\content\\2sxc\\system\\App_Data\\system\\bundles\\system-settings.json",
  "\\content\\2sxc\\system\\App_Data\\system\\bundles\\system-wysiwyg-configs.json",
  "\\content\\2sxc\\system\\ImportExport\\Instructions\\Online help to install this app.url",
  "\\content\\2sxc\\system\\ImportExport\\Instructions\\ReleaseNotes.txt",
  "\\content\\2sxc\\system\\ImportExport\\readme.md",
  "\\content\\2sxc\\system\\ImportExport\\Instructions\\2sxc_App_ByUnknown_NameUnknown.dnn",
  "\\content\\2sxc\\system\\ImportExport\\Instructions\\App installation instructions.txt",
  "\\content\\2sxc\\system\\ImportExport\\Instructions\\License.txt",
  "\\wwwroot\\Modules\\ToSic.Sxc.Oqtane\\dist\\quick-dialog\\vendor.6c760d45bed41ddc.js",
  "\\wwwroot\\Modules\\ToSic.Sxc.Oqtane\\extensions\\field-string-wysiwyg\\skins\\ui\\2sxc-tinymce-skin\\skin.min.css",
  "\\wwwroot\\Modules\\ToSic.Sxc.Oqtane\\Module.css",
  "\\wwwroot\\Modules\\ToSic.Sxc.Oqtane\\dist\\inpage\\i18n\\it.js",
  "\\wwwroot\\Modules\\ToSic.Sxc.Oqtane\\dist\\ng-edit\\default-node_modules_angular_material_fesm2022_module-BDiw_nWS_mjs.c9c74426c2f9e5e3.js",
  "\\wwwroot\\Modules\\ToSic.Sxc.Oqtane\\dist\\ng-edit\\default-projects_eav-ui_src_app_features_feature-icon-text_feature-icon-text_component_ts-pro-ffb1c9.9f57cea1cc865849.js",
  "\\wwwroot\\Modules\\ToSic.Sxc.Oqtane\\dist\\ng-edit\\projects_eav-ui_src_app_app-administration_queries_queries_component_ts.e5df1070071a1422.js",
  "\\wwwroot\\Modules\\ToSic.Sxc.Oqtane\\dist\\ng-edit\\projects_eav-ui_src_app_app-administration_sub-dialogs_import-query_import-query_component_ts.c6b3e15f29eeb0c8.js",
  "\\wwwroot\\Modules\\ToSic.Sxc.Oqtane\\dist\\ng-edit\\projects_eav-ui_src_app_apps-management_add-app-from-folder_add-app-from-folder_component_ts.35a75cce810db085.js",
  "\\wwwroot\\Modules\\ToSic.Sxc.Oqtane\\dist\\ng-edit\\projects_eav-ui_src_app_apps-management_sub-dialogs_registration_registration_component_ts-pr-6dd7b0.03b9120707e906b1.js",
  "\\wwwroot\\Modules\\ToSic.Sxc.Oqtane\\dist\\ng-edit\\projects_eav-ui_src_app_content-items_content-items_component_ts.c6820a6fb65c669f.js",
  "\\wwwroot\\Modules\\ToSic.Sxc.Oqtane\\dist\\ng-edit\\projects_eav-ui_src_app_edit_dialog_entry_edit-entry_component_ts-projects_eav-ui_src_app_sha-ddd80a.4f19e5541aef027e.js",
  "\\wwwroot\\Modules\\ToSic.Sxc.Oqtane\\dist\\ng-edit\\projects_eav-ui_src_app_manage-content-list_manage-content-list_routing_ts.efff8bd82f29ffdd.js",
  "\\wwwroot\\Modules\\ToSic.Sxc.Oqtane\\dist\\ng-edit\\projects_eav-ui_src_app_visual-query_visual-query_component_ts-node_modules_angular_cdk_fesm2-48da62.b80fbe1bb05fd672.js",
  "\\wwwroot\\Modules\\ToSic.Sxc.Oqtane\\dist\\ng-edit\\i18n\\hr.js",
  "\\wwwroot\\Modules\\ToSic.Sxc.Oqtane\\extensions\\field-string-wysiwyg\\i18n\\de.js",
  "\\wwwroot\\Modules\\ToSic.Sxc.Oqtane\\extensions\\field-string-wysiwyg\\skins\\ui\\2sxc-tinymce-skin\\skin.mobile.css",
  "\\wwwroot\\Modules\\ToSic.Sxc.Oqtane\\Module.js",
  "\\wwwroot\\Modules\\ToSic.Sxc.Oqtane\\dist\\inpage\\i18n\\nl.js",
  "\\wwwroot\\Modules\\ToSic.Sxc.Oqtane\\dist\\ng-edit\\default-projects_eav-ui_src_app_content-export_services_content-export_service_ts-projects_ea-b28668.f8d120a6bddf94c2.js",
  "\\wwwroot\\Modules\\ToSic.Sxc.Oqtane\\dist\\ng-edit\\default-projects_eav-ui_src_app_shared_modules_save-close-button-fab_save-close-button-fab_co-727b96.6534c09bba86589f.js",
  "\\wwwroot\\Modules\\ToSic.Sxc.Oqtane\\dist\\ng-edit\\projects_eav-ui_src_app_app-administration_app-configuration_message_basic-message_ts.c3e5bb0a3e4f6bda.js",
  "\\wwwroot\\Modules\\ToSic.Sxc.Oqtane\\dist\\ng-edit\\i18n\\it.js",
  "\\wwwroot\\Modules\\ToSic.Sxc.Oqtane\\dist\\quick-dialog\\i18n\\de.js",
  "\\wwwroot\\Modules\\ToSic.Sxc.Oqtane\\extensions\\field-string-wysiwyg\\i18n\\es.js",
  "\\wwwroot\\Modules\\ToSic.Sxc.Oqtane\\extensions\\field-string-wysiwyg\\skins\\ui\\2sxc-tinymce-skin\\skin.mobile.min.css",
  "\\wwwroot\\Modules\\ToSic.Sxc.Oqtane\\system\\field-string-wysiwyg\\i18n\\nl.js",
  "\\wwwroot\\Modules\\ToSic.Sxc.Oqtane\\NativeModule.js",
  "\\wwwroot\\Modules\\ToSic.Sxc.Oqtane\\dist\\inpage\\i18n\\uk.js",
  "\\wwwroot\\Modules\\ToSic.Sxc.Oqtane\\dist\\ng-edit\\default-node_modules_angular_material_fesm2022_module-Ce6F7TNm_mjs.ae7358bcbb9413e9.js",
  "\\wwwroot\\Modules\\ToSic.Sxc.Oqtane\\dist\\ng-edit\\default-projects_eav-ui_src_app_features_shared_base-feature_component_ts-projects_eav-ui_src-d1c56f.71209cfa22417b47.js",
  "\\wwwroot\\Modules\\ToSic.Sxc.Oqtane\\dist\\ng-edit\\projects_eav-ui_src_app_app-administration_services_index_ts-projects_eav-ui_src_app_shared_s-c5e3e9.4590e8de5b1f6a34.js",
  "\\wwwroot\\Modules\\ToSic.Sxc.Oqtane\\dist\\ng-edit\\projects_eav-ui_src_app_app-administration_sub-dialogs_import-view_import-view_component_ts.5fa36c82a3fd995d.js",
  "\\wwwroot\\Modules\\ToSic.Sxc.Oqtane\\dist\\ng-edit\\projects_eav-ui_src_app_apps-management_apps-list_apps-list_component_ts-projects_eav-ui_src_-5efbee.4b6ad72ab65541bc.js",
  "\\wwwroot\\Modules\\ToSic.Sxc.Oqtane\\dist\\ng-edit\\projects_eav-ui_src_app_apps-management_system-info_system-info_component_ts-projects_eav-ui_-ff3d2b.e145360d320b1ac0.js",
  "\\wwwroot\\Modules\\ToSic.Sxc.Oqtane\\dist\\ng-edit\\projects_eav-ui_src_app_content-items_import-content-item_import-content-item_component_ts-no-da5450.2b7e4ad716a0109f.js",
  "\\wwwroot\\Modules\\ToSic.Sxc.Oqtane\\dist\\ng-edit\\projects_eav-ui_src_app_edit_dialog_footer_edit-dialog-footer_component_ts.54f15c4fd8510a7f.js",
  "\\wwwroot\\Modules\\ToSic.Sxc.Oqtane\\dist\\ng-edit\\projects_eav-ui_src_app_metadata_index_ts-projects_eav-ui_src_app_permissions_go-to-permissions_ts.a7b1c68d556319bb.js",
  "\\wwwroot\\Modules\\ToSic.Sxc.Oqtane\\dist\\ng-edit\\runtime.62936162e31dd13a.js",
  "\\wwwroot\\Modules\\ToSic.Sxc.Oqtane\\dist\\ng-edit\\i18n\\nl.js",
  "\\wwwroot\\Modules\\ToSic.Sxc.Oqtane\\dist\\quick-dialog\\i18n\\en.js",
  "\\wwwroot\\Modules\\ToSic.Sxc.Oqtane\\extensions\\field-string-wysiwyg\\i18n\\fr_FR.js",
  "\\wwwroot\\Modules\\ToSic.Sxc.Oqtane\\extensions\\field-string-wysiwyg\\skins\\ui\\2sxc-tinymce-skin\\fonts\\tinymce-mobile.woff",
  "\\wwwroot\\Modules\\ToSic.Sxc.Oqtane\\system\\field-string-wysiwyg\\i18n\\pt_PT.js",
  "\\wwwroot\\Modules\\ToSic.Sxc.Oqtane\\assets\\app-primary.png",
  "\\wwwroot\\Modules\\ToSic.Sxc.Oqtane\\dist\\ng-assets\\snippets.json.js",
  "\\wwwroot\\Modules\\ToSic.Sxc.Oqtane\\dist\\ng-edit\\default-projects_eav-ui_src_app_create-file-dialog_create-file-dialog_component_ts.02f82fd1cc167ecb.js",
  "\\wwwroot\\Modules\\ToSic.Sxc.Oqtane\\dist\\ng-edit\\default-projects_eav-ui_src_app_shared_services_clipboard_service_ts-node_modules_angular_mat-15cf82.e215b805ae482322.js",
  "\\wwwroot\\Modules\\ToSic.Sxc.Oqtane\\dist\\ng-edit\\projects_eav-ui_src_app_app-administration_app-extensions_app-extensions_ts.49b08d03d2765736.js",
  "\\wwwroot\\Modules\\ToSic.Sxc.Oqtane\\dist\\ng-edit\\i18n\\pt.js",
  "\\wwwroot\\Modules\\ToSic.Sxc.Oqtane\\dist\\quick-dialog\\i18n\\es.js",
  "\\wwwroot\\Modules\\ToSic.Sxc.Oqtane\\extensions\\field-string-wysiwyg\\i18n\\it.js",
  "\\wwwroot\\Modules\\ToSic.Sxc.Oqtane\\js\\2sxc.api.min.js",
  "\\wwwroot\\Modules\\ToSic.Sxc.Oqtane\\system\\field-string-wysiwyg\\i18n\\uk.js",
  "\\wwwroot\\Modules\\ToSic.Sxc.Oqtane\\assets\\logo.png",
  "\\wwwroot\\Modules\\ToSic.Sxc.Oqtane\\dist\\ng-edit\\3rdpartylicenses.txt",
  "\\wwwroot\\Modules\\ToSic.Sxc.Oqtane\\dist\\ng-edit\\default-node_modules_angular_material_fesm2022_radio_mjs.19a6ee806eb861fd.js",
  "\\wwwroot\\Modules\\ToSic.Sxc.Oqtane\\dist\\ng-edit\\default-projects_eav-ui_src_app_monaco-editor_monaco-editor_component_ts-projects_eav-ui_src_-57631e.014fb737c9c3c961.js",
  "\\wwwroot\\Modules\\ToSic.Sxc.Oqtane\\dist\\ng-edit\\projects_eav-ui_src_app_app-administration_sub-dialogs_analyze-settings_analyze-settings_comp-6cd38e.8df649dff4b84d67.js",
  "\\wwwroot\\Modules\\ToSic.Sxc.Oqtane\\dist\\ng-edit\\projects_eav-ui_src_app_app-administration_sub-dialogs_inspect-extension_inspect-extension_co-1c799d.21aba93363b2f891.js",
  "\\wwwroot\\Modules\\ToSic.Sxc.Oqtane\\dist\\ng-edit\\projects_eav-ui_src_app_apps-management_apps-management-nav_apps-management-nav_component_ts--4a22fe.b0e584598ce7a250.js",
  "\\wwwroot\\Modules\\ToSic.Sxc.Oqtane\\dist\\ng-edit\\projects_eav-ui_src_app_code-editor_code-editor_component_ts-projects_eav-ui_src_app_shared_m-d39178.d668307fd5d430c3.js",
  "\\wwwroot\\Modules\\ToSic.Sxc.Oqtane\\dist\\ng-edit\\projects_eav-ui_src_app_content-type-fields_content-type-fields_component_ts-node_modules_ang-44be62.cce05b9017a50e66.js",
  "\\wwwroot\\Modules\\ToSic.Sxc.Oqtane\\dist\\ng-edit\\projects_eav-ui_src_app_edit_dialog_header_language-switcher_language-switcher_component_ts.ad0a93adb950d94c.js",
  "\\wwwroot\\Modules\\ToSic.Sxc.Oqtane\\dist\\ng-edit\\projects_eav-ui_src_app_metadata_index_ts.45008f15537c0113.js",
  "\\wwwroot\\Modules\\ToSic.Sxc.Oqtane\\dist\\ng-edit\\scripts.033b7ebff8c7c39a.js",
  "\\wwwroot\\Modules\\ToSic.Sxc.Oqtane\\dist\\ng-edit\\i18n\\uk.js",
  "\\wwwroot\\Modules\\ToSic.Sxc.Oqtane\\dist\\quick-dialog\\i18n\\fr.js",
  "\\wwwroot\\Modules\\ToSic.Sxc.Oqtane\\extensions\\field-string-wysiwyg\\i18n\\nl.js",
  "\\wwwroot\\Modules\\ToSic.Sxc.Oqtane\\system\\field-string-wysiwyg\\skins\\content\\2sxc-tinymce-skin\\content.css",
  "\\wwwroot\\Modules\\ToSic.Sxc.Oqtane\\dist\\cms\\wysiwyg.min.css",
  "\\wwwroot\\Modules\\ToSic.Sxc.Oqtane\\dist\\ng-edit\\common.8571a5339b43d3fc.js",
  "\\wwwroot\\Modules\\ToSic.Sxc.Oqtane\\dist\\ng-edit\\default-projects_eav-ui_src_app_dev-rest_dev-rest-urls-and-code_dev-rest-urls-and-code_compon-f0cd0a.9774cb9e98a4f755.js",
  "\\wwwroot\\Modules\\ToSic.Sxc.Oqtane\\dist\\ng-edit\\default-projects_eav-ui_src_app_shared_services_service-base_ts-node_modules_angular_material-ffa7b3.0ea63e98d14550cb.js",
  "\\wwwroot\\Modules\\ToSic.Sxc.Oqtane\\dist\\ng-edit\\projects_eav-ui_src_app_app-administration_copilot_page_copilot-page_component_ts.b947bca719cee6c9.js",
  "\\wwwroot\\Modules\\ToSic.Sxc.Oqtane\\dist\\quick-dialog\\3rdpartylicenses.txt",
  "\\wwwroot\\Modules\\ToSic.Sxc.Oqtane\\dist\\quick-dialog\\i18n\\it.js",
  "\\wwwroot\\Modules\\ToSic.Sxc.Oqtane\\extensions\\field-string-wysiwyg\\i18n\\pt_PT.js",
  "\\wwwroot\\Modules\\ToSic.Sxc.Oqtane\\system\\field-custom-gps\\index.js",
  "\\wwwroot\\Modules\\ToSic.Sxc.Oqtane\\system\\field-string-wysiwyg\\skins\\content\\2sxc-tinymce-skin\\content.min.css",
  "\\wwwroot\\Modules\\ToSic.Sxc.Oqtane\\dist\\ng-edit\\default-node_modules_angular_material_fesm2022_slide-toggle_mjs.1cd345e0ddd7c72f.js",
  "\\wwwroot\\Modules\\ToSic.Sxc.Oqtane\\dist\\ng-edit\\default-projects_eav-ui_src_app_shared_ag-grid_column-definitions_ts-projects_eav-ui_src_app_-3cb379.96db51cd2029215b.js",
  "\\wwwroot\\Modules\\ToSic.Sxc.Oqtane\\dist\\ng-edit\\projects_eav-ui_src_app_app-administration_sub-dialogs_analyze-settings_settings-item-details-4ac85a.1835f78366083977.js",
  "\\wwwroot\\Modules\\ToSic.Sxc.Oqtane\\dist\\ng-edit\\projects_eav-ui_src_app_app-administration_sub-dialogs_language-permissions_language-permissi-a91b40.bf44898e5d0d8043.js",
  "\\wwwroot\\Modules\\ToSic.Sxc.Oqtane\\dist\\ng-edit\\projects_eav-ui_src_app_apps-management_apps-management_routing_ts.90b05663319c3a14.js",
  "\\wwwroot\\Modules\\ToSic.Sxc.Oqtane\\dist\\ng-edit\\projects_eav-ui_src_app_code-editor_code-editor_routing_ts.b2c6372a8cec4329.js",
  "\\wwwroot\\Modules\\ToSic.Sxc.Oqtane\\dist\\ng-edit\\projects_eav-ui_src_app_content-type-fields_edit-content-type-fields_edit-content-type-fields-974b18.75c6caf813a807ae.js",
  "\\wwwroot\\Modules\\ToSic.Sxc.Oqtane\\dist\\ng-edit\\projects_eav-ui_src_app_edit_routing_edit-reload_component_ts-projects_eav-ui_src_app_shared_-16a4bf.acdf87a10c712a67.js",
  "\\wwwroot\\Modules\\ToSic.Sxc.Oqtane\\dist\\ng-edit\\projects_eav-ui_src_app_metadata_metadata_component_ts-projects_eav-ui_src_app_shared_service-802177.ad6da06356eb7a75.js",
  "\\wwwroot\\Modules\\ToSic.Sxc.Oqtane\\dist\\ng-edit\\styles.f55f50becb2b42f7.css",
  "\\wwwroot\\Modules\\ToSic.Sxc.Oqtane\\dist\\quick-dialog\\favicon.ico",
  "\\wwwroot\\Modules\\ToSic.Sxc.Oqtane\\dist\\quick-dialog\\i18n\\uk.js",
  "\\wwwroot\\Modules\\ToSic.Sxc.Oqtane\\extensions\\field-string-wysiwyg\\i18n\\uk.js",
  "\\wwwroot\\Modules\\ToSic.Sxc.Oqtane\\system\\field-string-wysiwyg\\skins\\ui\\2sxc-tinymce-skin\\content.css",
  "\\wwwroot\\Modules\\ToSic.Sxc.Oqtane\\dist\\inpage\\inpage.min.css",
  "\\wwwroot\\Modules\\ToSic.Sxc.Oqtane\\dist\\ng-edit\\default-node_modules_angular_cdk_fesm2022_a11y_mjs-node_modules_angular_cdk_fesm2022_list-key-856800.62affb73cac477a4.js",
  "\\wwwroot\\Modules\\ToSic.Sxc.Oqtane\\dist\\ng-edit\\default-projects_eav-ui_src_app_dev-rest_index_ts.ca1c2ad225770cef.js",
  "\\wwwroot\\Modules\\ToSic.Sxc.Oqtane\\dist\\ng-edit\\index-raw.html",
  "\\wwwroot\\Modules\\ToSic.Sxc.Oqtane\\dist\\ng-edit\\projects_eav-ui_src_app_app-administration_data-rest-api_data-rest-api_component_ts.f1bac23e6f3b9326.js",
  "\\wwwroot\\Modules\\ToSic.Sxc.Oqtane\\dist\\quick-dialog\\index-raw.html",
  "\\wwwroot\\Modules\\ToSic.Sxc.Oqtane\\dist\\turnOn\\turn-on.js",
  "\\wwwroot\\Modules\\ToSic.Sxc.Oqtane\\extensions\\field-string-wysiwyg\\skins\\content\\2sxc-tinymce-skin\\content.css",
  "\\wwwroot\\Modules\\ToSic.Sxc.Oqtane\\system\\field-string-wysiwyg\\index.js",
  "\\wwwroot\\Modules\\ToSic.Sxc.Oqtane\\system\\field-string-wysiwyg\\skins\\ui\\2sxc-tinymce-skin\\content.inline.css",
  "\\wwwroot\\Modules\\ToSic.Sxc.Oqtane\\dist\\ng-edit\\default-node_modules_angular_material_fesm2022_tabs_mjs.46c14d20e587572a.js",
  "\\wwwroot\\Modules\\ToSic.Sxc.Oqtane\\dist\\ng-edit\\default-projects_eav-ui_src_app_shared_components_base_component_ts-projects_eav-ui_src_app_s-f5aa8c.2215e9ed9d5877b5.js",
  "\\wwwroot\\Modules\\ToSic.Sxc.Oqtane\\dist\\ng-edit\\main.13a23704dc6ed455.js",
  "\\wwwroot\\Modules\\ToSic.Sxc.Oqtane\\dist\\ng-edit\\projects_eav-ui_src_app_app-administration_sub-dialogs_delete-extension_delete-extension_comp-79838c.d6946a20b7c18276.js",
  "\\wwwroot\\Modules\\ToSic.Sxc.Oqtane\\dist\\ng-edit\\projects_eav-ui_src_app_app-administration_sub-dialogs_views-usage_views-usage_component_ts.96a75025c4947241.js",
  "\\wwwroot\\Modules\\ToSic.Sxc.Oqtane\\dist\\ng-edit\\projects_eav-ui_src_app_apps-management_create-app_create-app_component_ts.047125aeca078e8c.js",
  "\\wwwroot\\Modules\\ToSic.Sxc.Oqtane\\dist\\ng-edit\\projects_eav-ui_src_app_content-export_content-export_component_ts.92e7c7c9ec4acbc7.js",
  "\\wwwroot\\Modules\\ToSic.Sxc.Oqtane\\dist\\ng-edit\\projects_eav-ui_src_app_dev-rest_api_api_component_ts.bb7a51760f0e17d1.js",
  "\\wwwroot\\Modules\\ToSic.Sxc.Oqtane\\dist\\ng-edit\\projects_eav-ui_src_app_import-app_import-app_component_ts-projects_eav-ui_src_app_shared_com-3db8ed.998a1a9a61dd1a92.js",
  "\\wwwroot\\Modules\\ToSic.Sxc.Oqtane\\dist\\ng-edit\\projects_eav-ui_src_app_metadata_metadata_routing_ts.1f1d2ed59f6f1746.js",
  "\\wwwroot\\Modules\\ToSic.Sxc.Oqtane\\dist\\ng-edit\\vendor.38f89c8a93206b93.js",
  "\\wwwroot\\Modules\\ToSic.Sxc.Oqtane\\dist\\quick-dialog\\main.180d6ea483458f7b.js",
  "\\wwwroot\\Modules\\ToSic.Sxc.Oqtane\\extensions\\field-string-wysiwyg\\skins\\content\\2sxc-tinymce-skin\\content.min.css",
  "\\wwwroot\\Modules\\ToSic.Sxc.Oqtane\\system\\field-string-wysiwyg\\index.js.LICENSE.txt",
  "\\wwwroot\\Modules\\ToSic.Sxc.Oqtane\\system\\field-string-wysiwyg\\skins\\ui\\2sxc-tinymce-skin\\content.inline.min.css",
  "\\wwwroot\\Modules\\ToSic.Sxc.Oqtane\\dist\\inpage\\inpage.min.js",
  "\\wwwroot\\Modules\\ToSic.Sxc.Oqtane\\dist\\ng-edit\\default-node_modules_angular_cdk_fesm2022_activedescendant-key-manager-CZAE5aFC_mjs-node_modu-d33006.a2def1be06e11b5b.js",
  "\\wwwroot\\Modules\\ToSic.Sxc.Oqtane\\dist\\ng-edit\\default-projects_eav-ui_src_app_dev-rest_query_query_component_ts.5ff9ac48a9bee4cc.js",
  "\\wwwroot\\Modules\\ToSic.Sxc.Oqtane\\dist\\ng-edit\\projects_eav-ui_src_app_app-administration_data_data_component_ts.e45285cac115cc58.js",
  "\\wwwroot\\Modules\\ToSic.Sxc.Oqtane\\extensions\\field-custom-gps\\index.js",
  "\\wwwroot\\Modules\\ToSic.Sxc.Oqtane\\extensions\\field-string-wysiwyg\\skins\\ui\\2sxc-tinymce-skin\\content.css",
  "\\wwwroot\\Modules\\ToSic.Sxc.Oqtane\\system\\field-string-wysiwyg\\skins\\ui\\2sxc-tinymce-skin\\content.min.css",
  "\\wwwroot\\Modules\\ToSic.Sxc.Oqtane\\dist\\inpage\\inpage.min.js.LICENSE.txt",
  "\\wwwroot\\Modules\\ToSic.Sxc.Oqtane\\dist\\ng-edit\\default-projects_core_object-utilities_ts-projects_eav-ui_src_app_features_feature-icon_featu-0e5da3.aefc4c39158b05bd.js",
  "\\wwwroot\\Modules\\ToSic.Sxc.Oqtane\\dist\\ng-edit\\default-projects_eav-ui_src_app_shared_components_field-hint_field-hint_component_ts-projects-4b7e0b.63630e7ffee97033.js",
  "\\wwwroot\\Modules\\ToSic.Sxc.Oqtane\\dist\\ng-edit\\polyfills.708193a24d2416ad.js",
  "\\wwwroot\\Modules\\ToSic.Sxc.Oqtane\\dist\\ng-edit\\projects_eav-ui_src_app_app-administration_sub-dialogs_edit-content-type_edit-content-type_co-2abec4.45609481ee01f610.js",
  "\\wwwroot\\Modules\\ToSic.Sxc.Oqtane\\dist\\ng-edit\\projects_eav-ui_src_app_app-administration_views_views_component_ts-projects_eav-ui_src_app_s-ecfd0b.2ae5e89d39a2a6b5.js",
  "\\wwwroot\\Modules\\ToSic.Sxc.Oqtane\\dist\\ng-edit\\projects_eav-ui_src_app_apps-management_create-inherited-app_create-inherited-app_component_ts.3788355526c88ac8.js",
  "\\wwwroot\\Modules\\ToSic.Sxc.Oqtane\\dist\\ng-edit\\projects_eav-ui_src_app_content-export_content-export_routing_ts.0bd8ec1fecaefc12.js",
  "\\wwwroot\\Modules\\ToSic.Sxc.Oqtane\\dist\\ng-edit\\projects_eav-ui_src_app_dev-rest_data_data_component_ts.a5cc21d5492cab01.js",
  "\\wwwroot\\Modules\\ToSic.Sxc.Oqtane\\dist\\ng-edit\\projects_eav-ui_src_app_item-history_item-history_component_ts-node_modules_angular_cdk_fesm2-45928e.7e2ae2ff002477f6.js",
  "\\wwwroot\\Modules\\ToSic.Sxc.Oqtane\\dist\\ng-edit\\projects_eav-ui_src_app_permissions_permissions_component_ts-projects_eav-ui_src_app_shared_c-582bad.7c98765216e23e1e.js",
  "\\wwwroot\\Modules\\ToSic.Sxc.Oqtane\\dist\\ng-edit\\i18n\\code-editor.en.js",
  "\\wwwroot\\Modules\\ToSic.Sxc.Oqtane\\dist\\quick-dialog\\polyfills.da4593128a8cac01.js",
  "\\wwwroot\\Modules\\ToSic.Sxc.Oqtane\\extensions\\field-string-wysiwyg\\skins\\ui\\2sxc-tinymce-skin\\content.inline.css",
  "\\wwwroot\\Modules\\ToSic.Sxc.Oqtane\\system\\field-string-wysiwyg\\skintool.json",
  "\\wwwroot\\Modules\\ToSic.Sxc.Oqtane\\system\\field-string-wysiwyg\\skins\\ui\\2sxc-tinymce-skin\\content.mobile.css",
  "\\wwwroot\\Modules\\ToSic.Sxc.Oqtane\\dist\\ng-edit\\default-node_modules_angular_forms_fesm2022_forms_mjs-node_modules_angular_material_fesm2022_-c07bbe.bfff2d935a3af7da.js",
  "\\wwwroot\\Modules\\ToSic.Sxc.Oqtane\\dist\\ng-edit\\default-projects_eav-ui_src_app_dev-rest_tab-permissions_tab-permissions_component_ts.0508247b4e0d995a.js",
  "\\wwwroot\\Modules\\ToSic.Sxc.Oqtane\\dist\\ng-edit\\projects_eav-ui_src_app_app-administration_getting-started_getting-started_component_ts.fc61097c8ee19075.js",
  "\\wwwroot\\Modules\\ToSic.Sxc.Oqtane\\dist\\ng-edit\\i18n\\de.js",
  "\\wwwroot\\Modules\\ToSic.Sxc.Oqtane\\extensions\\field-string-wysiwyg\\index.js",
  "\\wwwroot\\Modules\\ToSic.Sxc.Oqtane\\extensions\\field-string-wysiwyg\\skins\\ui\\2sxc-tinymce-skin\\content.inline.min.css",
  "\\wwwroot\\Modules\\ToSic.Sxc.Oqtane\\system\\field-string-wysiwyg\\i18n\\de.js",
  "\\wwwroot\\Modules\\ToSic.Sxc.Oqtane\\system\\field-string-wysiwyg\\skins\\ui\\2sxc-tinymce-skin\\content.mobile.min.css",
  "\\wwwroot\\Modules\\ToSic.Sxc.Oqtane\\dist\\inpage\\i18n\\de.js",
  "\\wwwroot\\Modules\\ToSic.Sxc.Oqtane\\dist\\ng-edit\\default-projects_eav-ui_src_app_app-administration_app-administration_routing_ts.a148b24b8c1ad6d7.js",
  "\\wwwroot\\Modules\\ToSic.Sxc.Oqtane\\dist\\ng-edit\\default-projects_eav-ui_src_app_shared_components_file-upload-dialog_index_ts.1bd021487049b07d.js",
  "\\wwwroot\\Modules\\ToSic.Sxc.Oqtane\\dist\\ng-edit\\projects_core_object-utilities_ts-projects_eav-ui_src_app_shared_components_base_component_ts-dfe6af.d11aa1189bfc23ef.js",
  "\\wwwroot\\Modules\\ToSic.Sxc.Oqtane\\dist\\ng-edit\\projects_eav-ui_src_app_app-administration_sub-dialogs_import-content-type_import-content-typ-e2ad96.9089ecd3b7b59786.js",
  "\\wwwroot\\Modules\\ToSic.Sxc.Oqtane\\dist\\ng-edit\\projects_eav-ui_src_app_app-administration_web-api-rest-api_web-api-rest-api_component_ts.4cb332f93e6d3085.js",
  "\\wwwroot\\Modules\\ToSic.Sxc.Oqtane\\dist\\ng-edit\\projects_eav-ui_src_app_apps-management_licence-info_license-info_component_ts-projects_eav-u-718871.80d37daf6e0b5abf.js",
  "\\wwwroot\\Modules\\ToSic.Sxc.Oqtane\\dist\\ng-edit\\projects_eav-ui_src_app_content-import_content-import_component_ts.9624f42fd73f3387.js",
  "\\wwwroot\\Modules\\ToSic.Sxc.Oqtane\\dist\\ng-edit\\projects_eav-ui_src_app_dev-rest_dev-rest_routing_ts.355ed73550ad2443.js",
  "\\wwwroot\\Modules\\ToSic.Sxc.Oqtane\\dist\\ng-edit\\projects_eav-ui_src_app_item-history_item-history_routing_ts.37b057d2b41122fb.js",
  "\\wwwroot\\Modules\\ToSic.Sxc.Oqtane\\dist\\ng-edit\\projects_eav-ui_src_app_permissions_permissions_routing_ts.d2e9dd31580b5122.js",
  "\\wwwroot\\Modules\\ToSic.Sxc.Oqtane\\dist\\ng-edit\\i18n\\en.js",
  "\\wwwroot\\Modules\\ToSic.Sxc.Oqtane\\dist\\quick-dialog\\runtime.6f986ce4bcbd7c1b.js",
  "\\wwwroot\\Modules\\ToSic.Sxc.Oqtane\\extensions\\field-string-wysiwyg\\index.js.LICENSE.txt",
  "\\wwwroot\\Modules\\ToSic.Sxc.Oqtane\\extensions\\field-string-wysiwyg\\skins\\ui\\2sxc-tinymce-skin\\content.min.css",
  "\\wwwroot\\Modules\\ToSic.Sxc.Oqtane\\system\\field-string-wysiwyg\\i18n\\es.js",
  "\\wwwroot\\Modules\\ToSic.Sxc.Oqtane\\system\\field-string-wysiwyg\\skins\\ui\\2sxc-tinymce-skin\\skin.css",
  "\\wwwroot\\Modules\\ToSic.Sxc.Oqtane\\dist\\inpage\\i18n\\en.js",
  "\\wwwroot\\Modules\\ToSic.Sxc.Oqtane\\dist\\ng-edit\\default-node_modules_angular_material_fesm2022_expansion_mjs.70f4f13798db50d3.js",
  "\\wwwroot\\Modules\\ToSic.Sxc.Oqtane\\dist\\ng-edit\\default-projects_eav-ui_src_app_edit_dialog_main_keyboard-shortcuts_ts-projects_eav-ui_src_ap-a01cd1.ff6e8944a0718837.js",
  "\\wwwroot\\Modules\\ToSic.Sxc.Oqtane\\dist\\ng-edit\\projects_eav-ui_src_app_app-administration_import-export-menu_data-bundles_data-bundles-detai-5dca44.87da41805ccdc5ef.js",
  "\\wwwroot\\Modules\\ToSic.Sxc.Oqtane\\dist\\ng-edit\\i18n\\es.js",
  "\\wwwroot\\Modules\\ToSic.Sxc.Oqtane\\extensions\\field-string-wysiwyg\\skins\\ui\\2sxc-tinymce-skin\\content.mobile.css",
  "\\wwwroot\\Modules\\ToSic.Sxc.Oqtane\\system\\field-string-wysiwyg\\i18n\\fr_FR.js",
  "\\wwwroot\\Modules\\ToSic.Sxc.Oqtane\\system\\field-string-wysiwyg\\skins\\ui\\2sxc-tinymce-skin\\skin.min.css",
  "\\wwwroot\\Modules\\ToSic.Sxc.Oqtane\\dist\\inpage\\i18n\\es.js",
  "\\wwwroot\\Modules\\ToSic.Sxc.Oqtane\\dist\\ng-edit\\default-projects_eav-ui_src_app_app-administration_sub-dialogs_confirm-delete-dialog_confirm--93867c.05c1a83aa2dd4540.js",
  "\\wwwroot\\Modules\\ToSic.Sxc.Oqtane\\dist\\ng-edit\\default-projects_eav-ui_src_app_shared_components_nav-item-list_nav-item-list_component_ts-pr-e0b2f4.5460b3c8517a8731.js",
  "\\wwwroot\\Modules\\ToSic.Sxc.Oqtane\\dist\\ng-edit\\projects_eav-ui_src_app_app-administration_app-admin-main_app-admin-main_ts.6f2038582d3d097b.js",
  "\\wwwroot\\Modules\\ToSic.Sxc.Oqtane\\dist\\ng-edit\\projects_eav-ui_src_app_app-administration_sub-dialogs_import-data-bundles_import-data-bundle-7409e3.31eeea720cdf5c2c.js",
  "\\wwwroot\\Modules\\ToSic.Sxc.Oqtane\\dist\\ng-edit\\projects_eav-ui_src_app_app-administration_web-api_web-api_component_ts.3530ef1396a29311.js",
  "\\wwwroot\\Modules\\ToSic.Sxc.Oqtane\\dist\\ng-edit\\projects_eav-ui_src_app_apps-management_site-languages_site-languages_component_ts.9c7893feed86b8a2.js",
  "\\wwwroot\\Modules\\ToSic.Sxc.Oqtane\\dist\\ng-edit\\projects_eav-ui_src_app_content-import_content-import_routing_ts.9b558f82940c8cdb.js",
  "\\wwwroot\\Modules\\ToSic.Sxc.Oqtane\\dist\\ng-edit\\projects_eav-ui_src_app_dev-rest_entry_entry_component_ts.62fb4bcafe68cace.js",
  "\\wwwroot\\Modules\\ToSic.Sxc.Oqtane\\dist\\ng-edit\\projects_eav-ui_src_app_manage-content-list_manage-content-list_component_ts-projects_eav-ui_-8d5b99.587faba85a0bba3a.js",
  "\\wwwroot\\Modules\\ToSic.Sxc.Oqtane\\dist\\ng-edit\\projects_eav-ui_src_app_replace-content_replace-content_component_ts-projects_eav-ui_src_app_-5824bf.b0919574f81c2bed.js",
  "\\wwwroot\\Modules\\ToSic.Sxc.Oqtane\\dist\\ng-edit\\i18n\\fa.js",
  "\\wwwroot\\Modules\\ToSic.Sxc.Oqtane\\dist\\quick-dialog\\styles.b3ffb60129b7a62d.css",
  "\\wwwroot\\Modules\\ToSic.Sxc.Oqtane\\extensions\\field-string-wysiwyg\\skintool.json",
  "\\wwwroot\\Modules\\ToSic.Sxc.Oqtane\\extensions\\field-string-wysiwyg\\skins\\ui\\2sxc-tinymce-skin\\content.mobile.min.css",
  "\\wwwroot\\Modules\\ToSic.Sxc.Oqtane\\system\\field-string-wysiwyg\\i18n\\it.js",
  "\\wwwroot\\Modules\\ToSic.Sxc.Oqtane\\system\\field-string-wysiwyg\\skins\\ui\\2sxc-tinymce-skin\\skin.mobile.css",
  "\\wwwroot\\Modules\\ToSic.Sxc.Oqtane\\dist\\inpage\\i18n\\fa.js",
  "\\wwwroot\\Modules\\ToSic.Sxc.Oqtane\\dist\\ng-edit\\default-node_modules_angular_material_fesm2022_input_mjs.4b418377617fbd28.js",
  "\\wwwroot\\Modules\\ToSic.Sxc.Oqtane\\dist\\ng-edit\\default-projects_eav-ui_src_app_edit_form_form-config_service_ts-projects_eav-ui_src_app_edit-b26668.a53581d4f53e04ca.js",
  "\\wwwroot\\Modules\\ToSic.Sxc.Oqtane\\dist\\ng-edit\\projects_eav-ui_src_app_app-administration_queries-rest-api_queries-rest-api_component_ts.b79d62422cb9f9ac.js",
  "\\wwwroot\\Modules\\ToSic.Sxc.Oqtane\\dist\\ng-edit\\i18n\\fr.js",
  "\\wwwroot\\Modules\\ToSic.Sxc.Oqtane\\extensions\\field-string-wysiwyg\\skins\\ui\\2sxc-tinymce-skin\\skin.css",
  "\\wwwroot\\Modules\\ToSic.Sxc.Oqtane\\system\\field-string-wysiwyg\\skins\\ui\\2sxc-tinymce-skin\\skin.mobile.min.css",
  "\\wwwroot\\Modules\\ToSic.Sxc.Oqtane\\dist\\inpage\\i18n\\fr.js",
  "\\wwwroot\\Modules\\ToSic.Sxc.Oqtane\\dist\\ng-edit\\default-projects_eav-ui_src_app_app-administration_sub-dialogs_import-extension_import-extens-cc190f.924a706e6c030e6b.js",
  "\\wwwroot\\Modules\\ToSic.Sxc.Oqtane\\dist\\ng-edit\\default-projects_eav-ui_src_app_shared_directives_tippy_directive_ts.984ffe43fdbe449f.js",
  "\\wwwroot\\Modules\\ToSic.Sxc.Oqtane\\dist\\ng-edit\\projects_eav-ui_src_app_app-administration_app-configuration_app-configuration_ts.1fe3deb24cb2e000.js",
  "\\wwwroot\\Modules\\ToSic.Sxc.Oqtane\\system\\field-string-wysiwyg\\skins\\ui\\2sxc-tinymce-skin\\fonts\\tinymce-mobile.woff",
  "\\bin\\Debug\\net10.0\\ToSic.Eav.Apps.Persistence.xml",
  "\\bin\\Debug\\net10.0\\ToSic.Eav.Data.Build.xml",
  "\\bin\\Debug\\net10.0\\ToSic.Eav.Data.Stack.xml",
  "\\bin\\Debug\\net10.0\\ToSic.Eav.DataSources.xml",
  "\\bin\\Debug\\net10.0\\ToSic.Eav.Repository.Efc.xml",
  "\\bin\\Debug\\net10.0\\ToSic.Eav.WebApi.xml",
  "\\bin\\Debug\\net10.0\\ToSic.Sxc.Code.Generate.xml",
  "\\bin\\Debug\\net10.0\\ToSic.Sxc.Oqtane.Client.xml",
  "\\bin\\Debug\\net10.0\\ToSic.Sxc.Oqtane.Server.xml",
  "\\bin\\Debug\\net10.0\\ToSic.Sxc.Oqtane.Shared.xml",
  "\\bin\\Debug\\net10.0\\ToSic.Sxc.WebApi.xml",
  "\\bin\\Debug\\net10.0\\ToSic.Sys.Core.xml",
  "\\bin\\Debug\\net10.0\\ToSic.Eav.Apps.xml",
  "\\bin\\Debug\\net10.0\\ToSic.Eav.Data.xml",
  "\\bin\\Debug\\net10.0\\ToSic.Eav.ImportExport.xml",
  "\\bin\\Debug\\net10.0\\ToSic.Eav.Work.xml",
  "\\bin\\Debug\\net10.0\\ToSic.Sxc.Razor.xml",
  "\\bin\\Debug\\net10.0\\ToSic.Eav.Context.xml",
  "\\bin\\Debug\\net10.0\\ToSic.Eav.DataSource.xml",
  "\\bin\\Debug\\net10.0\\Connect.Koi.dll",
  "\\bin\\Debug\\net10.0\\CsvHelper.dll",
  "\\bin\\Debug\\net10.0\\Microsoft.AspNetCore.Mvc.Razor.Extensions.dll",
  "\\bin\\Debug\\net10.0\\Microsoft.AspNetCore.Mvc.Razor.RuntimeCompilation.dll",
  "\\bin\\Debug\\net10.0\\Microsoft.AspNetCore.Razor.Language.dll",
  "\\bin\\Debug\\net10.0\\Microsoft.CodeAnalysis.CSharp.dll",
  "\\bin\\Debug\\net10.0\\Microsoft.CodeAnalysis.dll",
  "\\bin\\Debug\\net10.0\\Microsoft.CodeAnalysis.Razor.dll",
  "\\bin\\Debug\\net10.0\\Microsoft.Extensions.DependencyModel.dll",
  "\\bin\\Debug\\net10.0\\System.Runtime.Caching.dll",
  "\\bin\\Debug\\net10.0\\ToSic.Imageflow.Oqt.Server.Oqtane.dll",
  "\\bin\\Debug\\net10.0\\ToSic.Imageflow.Oqt.Server.Oqtane.pdb",
  "\\bin\\Debug\\net10.0\\Imageflow.Server.dll",
  "\\bin\\Debug\\net10.0\\Imageflow.Server.HybridCache.dll",
  "\\bin\\Debug\\net10.0\\Imageflow.AllPlatforms.dll",
  "\\bin\\Debug\\net10.0\\Imageflow.Net.dll",
  "\\bin\\Debug\\net10.0\\Imazen.Common.dll",
  "\\bin\\Debug\\net10.0\\Imazen.HybridCache.dll",
  "\\bin\\Debug\\net10.0\\Microsoft.IO.RecyclableMemoryStream.dll",
  "\\bin\\Debug\\net10.0\\runtimes\\win-x64\\native\\imageflow.dll"
]